<?xml version="1.0" encoding="utf-8"?>
<TestRun id="4a4dee7a-7a43-4cb0-aae8-825914253ead" name="320050488@ANUPRSHETTY 2019-08-01 20:39:12" runUser="CODE1\320050488" xmlns="http://microsoft.com/schemas/VisualStudio/TeamTest/2010">
  <Times creation="2019-08-01T20:39:12.2952459+05:30" queuing="2019-08-01T20:39:12.2952459+05:30" start="2019-08-01T20:39:10.9924342+05:30" finish="2019-08-01T20:39:12.3479360+05:30" />
  <TestSettings name="default" id="f3d14607-c2db-4cec-97ac-ab23ba62cfbc">
    <Deployment runDeploymentRoot="320050488_ANUPRSHETTY_2019-08-01_20_39_12" />
  </TestSettings>
  <Results>
    <UnitTestResult executionId="5a2898b6-d3c5-457c-87e4-f43e8daa3289" testId="95025142-f619-96e9-a07a-5bbdc36f21d2" testName="SelectItemsTest1" computerName="ANUPRSHETTY" duration="00:00:00.0004871" startTime="2019-08-01T20:39:12.2734757+05:30" endTime="2019-08-01T20:39:12.2734757+05:30" testType="13cdc9d9-ddb5-4fa4-a97d-d965ccfc6d4b" outcome="Passed" testListId="8c84fa94-04c1-424b-9868-57a2d4851a1d" relativeResultsDirectory="5a2898b6-d3c5-457c-87e4-f43e8daa3289" />
    <UnitTestResult executionId="b9415509-dd6c-435b-a517-6dba760131c8" testId="dcc8dab4-7382-9c7b-690d-4a56f9b042a9" testName="ProcessChatbotFeaturesTest7_start" computerName="ANUPRSHETTY" duration="00:00:00.0558085" startTime="2019-08-01T20:39:12.2180495+05:30" endTime="2019-08-01T20:39:12.2734757+05:30" testType="13cdc9d9-ddb5-4fa4-a97d-d965ccfc6d4b" outcome="Passed" testListId="8c84fa94-04c1-424b-9868-57a2d4851a1d" relativeResultsDirectory="b9415509-dd6c-435b-a517-6dba760131c8">
      <Output>
        <StdOut>Choose the following 'MEASURMENT' options:&#xD;
1: Central Survellience and alarm&#xD;
2: Child Birth Monitoring&#xD;
3: Cost Effective Monitoring&#xD;
4: Vitals&#xD;
5: Vitals and ECG&#xD;

!!!! Or else Choose Default options!!!! 
6: Display_Items
7: Start_Again
8: Exit_the_Application

Do you want 'TOUCHSCREEN' ?&#xD;
1: false&#xD;
2: true&#xD;


!!!! Or else Choose Default options!!!! 
3: Display_Items
4: Start_Again
5: Back
6: Exit_the_Application

Choose the following 'CATEGORY' options:&#xD;
1: Bedside&#xD;
2: EWS&#xD;
3: MM cum PM&#xD;
4: Spot Check PM&#xD;
5: Telemetry&#xD;


!!!! Or else Choose Default options!!!! 
6: Display_Items
7: Start_Again
8: Back
9: Exit_the_Application
Choose the following 'MEASURMENT' options:&#xD;
1: Central Survellience and alarm&#xD;
2: Child Birth Monitoring&#xD;
3: Cost Effective Monitoring&#xD;
4: Vitals&#xD;
5: Vitals and ECG&#xD;

!!!! Or else Choose Default options!!!! 
6: Display_Items
7: Start_Again
8: Exit_the_Application
-------------------------------------------------------------------------------&#xD;
The Items which meet your Requirnment are : &#xD;
Efficia CMS200&#xD;
-------------------------------------------------------------------------------&#xD;
---------------------------------!!!!! Thank you for Interaction !!!!!---------------------------------
      ---------------------------------!!!!!VISIT AGAIN !!!!---------------------------------</StdOut>
      </Output>
    </UnitTestResult>
    <UnitTestResult executionId="a4b22b33-ed42-476c-8f43-7d78a8140a7e" testId="2d85b701-b5fa-ad41-50bb-d4e90d670f15" testName="ProcessChatbotFeaturesTest5_Back" computerName="ANUPRSHETTY" duration="00:00:00.1280491" startTime="2019-08-01T20:39:12.0262224+05:30" endTime="2019-08-01T20:39:12.1558982+05:30" testType="13cdc9d9-ddb5-4fa4-a97d-d965ccfc6d4b" outcome="Passed" testListId="8c84fa94-04c1-424b-9868-57a2d4851a1d" relativeResultsDirectory="a4b22b33-ed42-476c-8f43-7d78a8140a7e">
      <Output>
        <StdOut>Choose the following 'MEASURMENT' options:&#xD;
1: Central Survellience and alarm&#xD;
2: Child Birth Monitoring&#xD;
3: Cost Effective Monitoring&#xD;
4: Vitals&#xD;
5: Vitals and ECG&#xD;

!!!! Or else Choose Default options!!!! 
6: Display_Items
7: Start_Again
8: Exit_the_Application

Do you want 'TOUCHSCREEN' ?&#xD;
1: false&#xD;
2: true&#xD;


!!!! Or else Choose Default options!!!! 
3: Display_Items
4: Start_Again
5: Back
6: Exit_the_Application

Choose the following 'CATEGORY' options:&#xD;
1: Bedside&#xD;
2: EWS&#xD;
3: MM cum PM&#xD;
4: Spot Check PM&#xD;
5: Telemetry&#xD;


!!!! Or else Choose Default options!!!! 
6: Display_Items
7: Start_Again
8: Back
9: Exit_the_Application

Do you want 'TOUCHSCREEN' ?&#xD;
1: false&#xD;
2: true&#xD;


!!!! Or else Choose Default options!!!! 
3: Display_Items
4: Start_Again
5: Back
6: Exit_the_Application

Do you want 'INVASIVE_BP' ?&#xD;
1: false&#xD;
2: true&#xD;


!!!! Or else Choose Default options!!!! 
3: Display_Items
4: Start_Again
5: Back
6: Exit_the_Application
-------------------------------------------------------------------------------&#xD;
The Items which meet your Requirnment are : &#xD;
Suresight VM4&#xD;
-------------------------------------------------------------------------------&#xD;
---------------------------------!!!!! Thank you for Interaction !!!!!---------------------------------
      ---------------------------------!!!!!VISIT AGAIN !!!!---------------------------------</StdOut>
      </Output>
    </UnitTestResult>
    <UnitTestResult executionId="a2c4af3f-1b32-45ac-b36d-4169c3067133" testId="3d2b90a2-8e8c-572b-95fa-7befbea51e28" testName="ProcessChatbotFeaturesTest4" computerName="ANUPRSHETTY" duration="00:00:00.0595972" startTime="2019-08-01T20:39:11.9674731+05:30" endTime="2019-08-01T20:39:12.0262224+05:30" testType="13cdc9d9-ddb5-4fa4-a97d-d965ccfc6d4b" outcome="Passed" testListId="8c84fa94-04c1-424b-9868-57a2d4851a1d" relativeResultsDirectory="a2c4af3f-1b32-45ac-b36d-4169c3067133">
      <Output>
        <StdOut>Choose the following 'MEASURMENT' options:&#xD;
1: Central Survellience and alarm&#xD;
2: Child Birth Monitoring&#xD;
3: Cost Effective Monitoring&#xD;
4: Vitals&#xD;
5: Vitals and ECG&#xD;

!!!! Or else Choose Default options!!!! 
6: Display_Items
7: Start_Again
8: Exit_the_Application

Do you want 'NBP_MEASURMENT' ?&#xD;
1: false&#xD;
2: true&#xD;


!!!! Or else Choose Default options!!!! 
3: Display_Items
4: Start_Again
5: Back
6: Exit_the_Application

Choose the following 'SPEED' options:&#xD;
1: Fast&#xD;
2: Slow&#xD;


!!!! Or else Choose Default options!!!! 
3: Display_Items
4: Start_Again
5: Back
6: Exit_the_Application
-------------------------------------------------------------------------------&#xD;
The Items which meet your Requirnment are : &#xD;
Suresight VS3&#xD;
-------------------------------------------------------------------------------&#xD;
---------------------------------!!!!! Thank you for Interaction !!!!!---------------------------------
      ---------------------------------!!!!!VISIT AGAIN !!!!---------------------------------</StdOut>
      </Output>
    </UnitTestResult>
    <UnitTestResult executionId="25915f42-84e9-41ad-8f65-59df5e7bce90" testId="d52fd79b-db7b-9510-d8a8-2fe731d0ab30" testName="SelectItemsTest2" computerName="ANUPRSHETTY" duration="00:00:00.0054256" startTime="2019-08-01T20:39:12.2805859+05:30" endTime="2019-08-01T20:39:12.2886752+05:30" testType="13cdc9d9-ddb5-4fa4-a97d-d965ccfc6d4b" outcome="Passed" testListId="8c84fa94-04c1-424b-9868-57a2d4851a1d" relativeResultsDirectory="25915f42-84e9-41ad-8f65-59df5e7bce90" />
    <UnitTestResult executionId="55904d65-95e7-49df-8346-e4f03dfa73b7" testId="7fd9bedd-a6bf-a150-60a7-314c096abaec" testName="SelectItemsTest3" computerName="ANUPRSHETTY" duration="00:00:00.0023099" startTime="2019-08-01T20:39:12.2886752+05:30" endTime="2019-08-01T20:39:12.2886752+05:30" testType="13cdc9d9-ddb5-4fa4-a97d-d965ccfc6d4b" outcome="Passed" testListId="8c84fa94-04c1-424b-9868-57a2d4851a1d" relativeResultsDirectory="55904d65-95e7-49df-8346-e4f03dfa73b7" />
    <UnitTestResult executionId="a629fec2-bc89-4e15-b7a6-3552a8ad9f27" testId="89b20a49-2ee8-3fe0-a85e-d848e5bb5d55" testName="ProcessChatbotFeaturesTest6_Back2" computerName="ANUPRSHETTY" duration="00:00:00.0626416" startTime="2019-08-01T20:39:12.1558982+05:30" endTime="2019-08-01T20:39:12.2180495+05:30" testType="13cdc9d9-ddb5-4fa4-a97d-d965ccfc6d4b" outcome="Passed" testListId="8c84fa94-04c1-424b-9868-57a2d4851a1d" relativeResultsDirectory="a629fec2-bc89-4e15-b7a6-3552a8ad9f27">
      <Output>
        <StdOut>Choose the following 'MEASURMENT' options:&#xD;
1: Central Survellience and alarm&#xD;
2: Child Birth Monitoring&#xD;
3: Cost Effective Monitoring&#xD;
4: Vitals&#xD;
5: Vitals and ECG&#xD;

!!!! Or else Choose Default options!!!! 
6: Display_Items
7: Start_Again
8: Exit_the_Application

Do you want 'TOUCHSCREEN' ?&#xD;
1: false&#xD;
2: true&#xD;


!!!! Or else Choose Default options!!!! 
3: Display_Items
4: Start_Again
5: Back
6: Exit_the_Application

Choose the following 'CATEGORY' options:&#xD;
1: Bedside&#xD;
2: EWS&#xD;
3: MM cum PM&#xD;
4: Spot Check PM&#xD;
5: Telemetry&#xD;


!!!! Or else Choose Default options!!!! 
6: Display_Items
7: Start_Again
8: Back
9: Exit_the_Application

Do you want 'TOUCHSCREEN' ?&#xD;
1: false&#xD;
2: true&#xD;


!!!! Or else Choose Default options!!!! 
3: Display_Items
4: Start_Again
5: Back
6: Exit_the_Application
Choose the following 'MEASURMENT' options:&#xD;
1: Central Survellience and alarm&#xD;
2: Child Birth Monitoring&#xD;
3: Cost Effective Monitoring&#xD;
4: Vitals&#xD;
5: Vitals and ECG&#xD;

!!!! Or else Choose Default options!!!! 
6: Display_Items
7: Start_Again
8: Exit_the_Application
-------------------------------------------------------------------------------&#xD;
The Items which meet your Requirnment are : &#xD;
Efficia CMS200&#xD;
-------------------------------------------------------------------------------&#xD;
---------------------------------!!!!! Thank you for Interaction !!!!!---------------------------------
      ---------------------------------!!!!!VISIT AGAIN !!!!---------------------------------</StdOut>
      </Output>
    </UnitTestResult>
    <UnitTestResult executionId="3fe15873-a0cf-4913-90fa-ff90697cba59" testId="73534908-8b51-63ea-314a-04d8a73cf58f" testName="ProcessChatbotFeaturesTest1" computerName="ANUPRSHETTY" duration="00:00:00.4870760" startTime="2019-08-01T20:39:11.3374384+05:30" endTime="2019-08-01T20:39:11.8258544+05:30" testType="13cdc9d9-ddb5-4fa4-a97d-d965ccfc6d4b" outcome="Passed" testListId="8c84fa94-04c1-424b-9868-57a2d4851a1d" relativeResultsDirectory="3fe15873-a0cf-4913-90fa-ff90697cba59">
      <Output>
        <StdOut>Choose the following 'MEASURMENT' options:&#xD;
1: Central Survellience and alarm&#xD;
2: Child Birth Monitoring&#xD;
3: Cost Effective Monitoring&#xD;
4: Vitals&#xD;
5: Vitals and ECG&#xD;

!!!! Or else Choose Default options!!!! 
6: Display_Items
7: Start_Again
8: Exit_the_Application

Do you want 'TOUCHSCREEN' ?&#xD;
1: false&#xD;
2: true&#xD;


!!!! Or else Choose Default options!!!! 
3: Display_Items
4: Start_Again
5: Back
6: Exit_the_Application

Choose the following 'CATEGORY' options:&#xD;
1: Bedside&#xD;
2: EWS&#xD;
3: MM cum PM&#xD;
4: Spot Check PM&#xD;
5: Telemetry&#xD;


!!!! Or else Choose Default options!!!! 
6: Display_Items
7: Start_Again
8: Back
9: Exit_the_Application
-------------------------------------------------------------------------------&#xD;
The Items which meet your Requirnment are : &#xD;
Intellivue MP5T&#xD;
-------------------------------------------------------------------------------&#xD;
---------------------------------!!!!! Thank you for Interaction !!!!!---------------------------------
      ---------------------------------!!!!!VISIT AGAIN !!!!---------------------------------</StdOut>
      </Output>
    </UnitTestResult>
    <UnitTestResult executionId="b7dd6571-adb0-4917-9856-588eb04e62a5" testId="3158b43f-8578-67f7-c7d6-8ed52461e293" testName="ReadProductAttributesTest1" computerName="ANUPRSHETTY" duration="00:00:00.1704473" startTime="2019-08-01T20:39:11.1174901+05:30" endTime="2019-08-01T20:39:11.3294376+05:30" testType="13cdc9d9-ddb5-4fa4-a97d-d965ccfc6d4b" outcome="Passed" testListId="8c84fa94-04c1-424b-9868-57a2d4851a1d" relativeResultsDirectory="b7dd6571-adb0-4917-9856-588eb04e62a5" />
    <UnitTestResult executionId="b774d673-2ca8-487c-b7a6-fd7ad2017f2a" testId="32f6dafc-b0df-a1c9-450b-4b9f59974c15" testName="ProcessChatbotFeaturesTest3" computerName="ANUPRSHETTY" duration="00:00:00.0562503" startTime="2019-08-01T20:39:11.9099882+05:30" endTime="2019-08-01T20:39:11.9674731+05:30" testType="13cdc9d9-ddb5-4fa4-a97d-d965ccfc6d4b" outcome="Passed" testListId="8c84fa94-04c1-424b-9868-57a2d4851a1d" relativeResultsDirectory="b774d673-2ca8-487c-b7a6-fd7ad2017f2a">
      <Output>
        <StdOut>Choose the following 'MEASURMENT' options:&#xD;
1: Central Survellience and alarm&#xD;
2: Child Birth Monitoring&#xD;
3: Cost Effective Monitoring&#xD;
4: Vitals&#xD;
5: Vitals and ECG&#xD;

!!!! Or else Choose Default options!!!! 
6: Display_Items
7: Start_Again
8: Exit_the_Application
-------------------------------------------------------------------------------&#xD;
The Items which meet your Requirnment are : &#xD;
Efficia CMS200&#xD;
-------------------------------------------------------------------------------&#xD;
---------------------------------!!!!! Thank you for Interaction !!!!!---------------------------------
      ---------------------------------!!!!!VISIT AGAIN !!!!---------------------------------</StdOut>
      </Output>
    </UnitTestResult>
    <UnitTestResult executionId="e2bb3b8e-d53b-47f5-aa72-7aaae272eb22" testId="29f6c287-6cc6-e7cb-6bf4-c6aa90f9d841" testName="ProcessChatbotFeaturesTest2" computerName="ANUPRSHETTY" duration="00:00:00.0838912" startTime="2019-08-01T20:39:11.8268195+05:30" endTime="2019-08-01T20:39:11.9099882+05:30" testType="13cdc9d9-ddb5-4fa4-a97d-d965ccfc6d4b" outcome="Passed" testListId="8c84fa94-04c1-424b-9868-57a2d4851a1d" relativeResultsDirectory="e2bb3b8e-d53b-47f5-aa72-7aaae272eb22">
      <Output>
        <StdOut>Choose the following 'MEASURMENT' options:&#xD;
1: Central Survellience and alarm&#xD;
2: Child Birth Monitoring&#xD;
3: Cost Effective Monitoring&#xD;
4: Vitals&#xD;
5: Vitals and ECG&#xD;

!!!! Or else Choose Default options!!!! 
6: Display_Items
7: Start_Again
8: Exit_the_Application

Do you want 'TOUCHSCREEN' ?&#xD;
1: false&#xD;
2: true&#xD;


!!!! Or else Choose Default options!!!! 
3: Display_Items
4: Start_Again
5: Back
6: Exit_the_Application

Choose the following 'CATEGORY' options:&#xD;
1: Bedside&#xD;
2: EWS&#xD;
3: MM cum PM&#xD;
4: Spot Check PM&#xD;
5: Telemetry&#xD;


!!!! Or else Choose Default options!!!! 
6: Display_Items
7: Start_Again
8: Back
9: Exit_the_Application

Choose the following 'PORTABLITY_TRUE' options:&#xD;
1: Non-Portable&#xD;
2: Portable&#xD;
3: Wearable&#xD;


!!!! Or else Choose Default options!!!! 
4: Display_Items
5: Start_Again
6: Back
7: Exit_the_Application

Choose the following 'SIZE_TRUE' options:&#xD;
1: Large(12-15)&#xD;
2: Medium(10-12)&#xD;
3: Small(8-10)&#xD;


!!!! Or else Choose Default options!!!! 
4: Display_Items
5: Start_Again
6: Back
7: Exit_the_Application

Choose the following 'FEATURE_3' options:&#xD;
1: ACS&#xD;
2: Integrated PC&#xD;


!!!! Or else Choose Default options!!!! 
3: Display_Items
4: Start_Again
5: Back
6: Exit_the_Application
-------------------------------------------------------------------------------&#xD;
The Items which meet your Requirnment are : &#xD;
Intellivue MX800&#xD;
-------------------------------------------------------------------------------&#xD;
---------------------------------!!!!! Thank you for Interaction !!!!!---------------------------------
      ---------------------------------!!!!!VISIT AGAIN !!!!---------------------------------</StdOut>
      </Output>
    </UnitTestResult>
  </Results>
  <TestDefinitions>
    <UnitTest name="ProcessChatbotFeaturesTest3" storage="c:\users\320050488\onedrive - philips\philips\c# learning\easyselectionchatbot\easyselectionchatbotunittest\bin\debug\easyselectionchatbotunittest.dll" id="32f6dafc-b0df-a1c9-450b-4b9f59974c15">
      <Execution id="b774d673-2ca8-487c-b7a6-fd7ad2017f2a" />
      <TestMethod codeBase="C:\Users\320050488\OneDrive - Philips\philips\C# learning\EasySelectionChatbot\EasySelectionChatbotUnitTest\bin\Debug\EasySelectionChatbotUnitTest.dll" adapterTypeName="executor://mstestadapter/v2" className="EasySelectionChatbotUnitTest.UnitTest1" name="ProcessChatbotFeaturesTest3" />
    </UnitTest>
    <UnitTest name="ProcessChatbotFeaturesTest6_Back2" storage="c:\users\320050488\onedrive - philips\philips\c# learning\easyselectionchatbot\easyselectionchatbotunittest\bin\debug\easyselectionchatbotunittest.dll" id="89b20a49-2ee8-3fe0-a85e-d848e5bb5d55">
      <Execution id="a629fec2-bc89-4e15-b7a6-3552a8ad9f27" />
      <TestMethod codeBase="C:\Users\320050488\OneDrive - Philips\philips\C# learning\EasySelectionChatbot\EasySelectionChatbotUnitTest\bin\Debug\EasySelectionChatbotUnitTest.dll" adapterTypeName="executor://mstestadapter/v2" className="EasySelectionChatbotUnitTest.UnitTest1" name="ProcessChatbotFeaturesTest6_Back2" />
    </UnitTest>
    <UnitTest name="ProcessChatbotFeaturesTest7_start" storage="c:\users\320050488\onedrive - philips\philips\c# learning\easyselectionchatbot\easyselectionchatbotunittest\bin\debug\easyselectionchatbotunittest.dll" id="dcc8dab4-7382-9c7b-690d-4a56f9b042a9">
      <Execution id="b9415509-dd6c-435b-a517-6dba760131c8" />
      <TestMethod codeBase="C:\Users\320050488\OneDrive - Philips\philips\C# learning\EasySelectionChatbot\EasySelectionChatbotUnitTest\bin\Debug\EasySelectionChatbotUnitTest.dll" adapterTypeName="executor://mstestadapter/v2" className="EasySelectionChatbotUnitTest.UnitTest1" name="ProcessChatbotFeaturesTest7_start" />
    </UnitTest>
    <UnitTest name="SelectItemsTest3" storage="c:\users\320050488\onedrive - philips\philips\c# learning\easyselectionchatbot\easyselectionchatbotunittest\bin\debug\easyselectionchatbotunittest.dll" id="7fd9bedd-a6bf-a150-60a7-314c096abaec">
      <Execution id="55904d65-95e7-49df-8346-e4f03dfa73b7" />
      <TestMethod codeBase="C:\Users\320050488\OneDrive - Philips\philips\C# learning\EasySelectionChatbot\EasySelectionChatbotUnitTest\bin\Debug\EasySelectionChatbotUnitTest.dll" adapterTypeName="executor://mstestadapter/v2" className="EasySelectionChatbotUnitTest.UnitTest1" name="SelectItemsTest3" />
    </UnitTest>
    <UnitTest name="ReadProductAttributesTest1" storage="c:\users\320050488\onedrive - philips\philips\c# learning\easyselectionchatbot\easyselectionchatbotunittest\bin\debug\easyselectionchatbotunittest.dll" id="3158b43f-8578-67f7-c7d6-8ed52461e293">
      <Execution id="b7dd6571-adb0-4917-9856-588eb04e62a5" />
      <TestMethod codeBase="C:\Users\320050488\OneDrive - Philips\philips\C# learning\EasySelectionChatbot\EasySelectionChatbotUnitTest\bin\Debug\EasySelectionChatbotUnitTest.dll" adapterTypeName="executor://mstestadapter/v2" className="EasySelectionChatbotUnitTest.UnitTest1" name="ReadProductAttributesTest1" />
    </UnitTest>
    <UnitTest name="ProcessChatbotFeaturesTest4" storage="c:\users\320050488\onedrive - philips\philips\c# learning\easyselectionchatbot\easyselectionchatbotunittest\bin\debug\easyselectionchatbotunittest.dll" id="3d2b90a2-8e8c-572b-95fa-7befbea51e28">
      <Execution id="a2c4af3f-1b32-45ac-b36d-4169c3067133" />
      <TestMethod codeBase="C:\Users\320050488\OneDrive - Philips\philips\C# learning\EasySelectionChatbot\EasySelectionChatbotUnitTest\bin\Debug\EasySelectionChatbotUnitTest.dll" adapterTypeName="executor://mstestadapter/v2" className="EasySelectionChatbotUnitTest.UnitTest1" name="ProcessChatbotFeaturesTest4" />
    </UnitTest>
    <UnitTest name="ProcessChatbotFeaturesTest1" storage="c:\users\320050488\onedrive - philips\philips\c# learning\easyselectionchatbot\easyselectionchatbotunittest\bin\debug\easyselectionchatbotunittest.dll" id="73534908-8b51-63ea-314a-04d8a73cf58f">
      <Execution id="3fe15873-a0cf-4913-90fa-ff90697cba59" />
      <TestMethod codeBase="C:\Users\320050488\OneDrive - Philips\philips\C# learning\EasySelectionChatbot\EasySelectionChatbotUnitTest\bin\Debug\EasySelectionChatbotUnitTest.dll" adapterTypeName="executor://mstestadapter/v2" className="EasySelectionChatbotUnitTest.UnitTest1" name="ProcessChatbotFeaturesTest1" />
    </UnitTest>
    <UnitTest name="SelectItemsTest2" storage="c:\users\320050488\onedrive - philips\philips\c# learning\easyselectionchatbot\easyselectionchatbotunittest\bin\debug\easyselectionchatbotunittest.dll" id="d52fd79b-db7b-9510-d8a8-2fe731d0ab30">
      <Execution id="25915f42-84e9-41ad-8f65-59df5e7bce90" />
      <TestMethod codeBase="C:\Users\320050488\OneDrive - Philips\philips\C# learning\EasySelectionChatbot\EasySelectionChatbotUnitTest\bin\Debug\EasySelectionChatbotUnitTest.dll" adapterTypeName="executor://mstestadapter/v2" className="EasySelectionChatbotUnitTest.UnitTest1" name="SelectItemsTest2" />
    </UnitTest>
    <UnitTest name="ProcessChatbotFeaturesTest2" storage="c:\users\320050488\onedrive - philips\philips\c# learning\easyselectionchatbot\easyselectionchatbotunittest\bin\debug\easyselectionchatbotunittest.dll" id="29f6c287-6cc6-e7cb-6bf4-c6aa90f9d841">
      <Execution id="e2bb3b8e-d53b-47f5-aa72-7aaae272eb22" />
      <TestMethod codeBase="C:\Users\320050488\OneDrive - Philips\philips\C# learning\EasySelectionChatbot\EasySelectionChatbotUnitTest\bin\Debug\EasySelectionChatbotUnitTest.dll" adapterTypeName="executor://mstestadapter/v2" className="EasySelectionChatbotUnitTest.UnitTest1" name="ProcessChatbotFeaturesTest2" />
    </UnitTest>
    <UnitTest name="ProcessChatbotFeaturesTest5_Back" storage="c:\users\320050488\onedrive - philips\philips\c# learning\easyselectionchatbot\easyselectionchatbotunittest\bin\debug\easyselectionchatbotunittest.dll" id="2d85b701-b5fa-ad41-50bb-d4e90d670f15">
      <Execution id="a4b22b33-ed42-476c-8f43-7d78a8140a7e" />
      <TestMethod codeBase="C:\Users\320050488\OneDrive - Philips\philips\C# learning\EasySelectionChatbot\EasySelectionChatbotUnitTest\bin\Debug\EasySelectionChatbotUnitTest.dll" adapterTypeName="executor://mstestadapter/v2" className="EasySelectionChatbotUnitTest.UnitTest1" name="ProcessChatbotFeaturesTest5_Back" />
    </UnitTest>
    <UnitTest name="SelectItemsTest1" storage="c:\users\320050488\onedrive - philips\philips\c# learning\easyselectionchatbot\easyselectionchatbotunittest\bin\debug\easyselectionchatbotunittest.dll" id="95025142-f619-96e9-a07a-5bbdc36f21d2">
      <Execution id="5a2898b6-d3c5-457c-87e4-f43e8daa3289" />
      <TestMethod codeBase="C:\Users\320050488\OneDrive - Philips\philips\C# learning\EasySelectionChatbot\EasySelectionChatbotUnitTest\bin\Debug\EasySelectionChatbotUnitTest.dll" adapterTypeName="executor://mstestadapter/v2" className="EasySelectionChatbotUnitTest.UnitTest1" name="SelectItemsTest1" />
    </UnitTest>
  </TestDefinitions>
  <TestEntries>
    <TestEntry testId="95025142-f619-96e9-a07a-5bbdc36f21d2" executionId="5a2898b6-d3c5-457c-87e4-f43e8daa3289" testListId="8c84fa94-04c1-424b-9868-57a2d4851a1d" />
    <TestEntry testId="dcc8dab4-7382-9c7b-690d-4a56f9b042a9" executionId="b9415509-dd6c-435b-a517-6dba760131c8" testListId="8c84fa94-04c1-424b-9868-57a2d4851a1d" />
    <TestEntry testId="2d85b701-b5fa-ad41-50bb-d4e90d670f15" executionId="a4b22b33-ed42-476c-8f43-7d78a8140a7e" testListId="8c84fa94-04c1-424b-9868-57a2d4851a1d" />
    <TestEntry testId="3d2b90a2-8e8c-572b-95fa-7befbea51e28" executionId="a2c4af3f-1b32-45ac-b36d-4169c3067133" testListId="8c84fa94-04c1-424b-9868-57a2d4851a1d" />
    <TestEntry testId="d52fd79b-db7b-9510-d8a8-2fe731d0ab30" executionId="25915f42-84e9-41ad-8f65-59df5e7bce90" testListId="8c84fa94-04c1-424b-9868-57a2d4851a1d" />
    <TestEntry testId="7fd9bedd-a6bf-a150-60a7-314c096abaec" executionId="55904d65-95e7-49df-8346-e4f03dfa73b7" testListId="8c84fa94-04c1-424b-9868-57a2d4851a1d" />
    <TestEntry testId="89b20a49-2ee8-3fe0-a85e-d848e5bb5d55" executionId="a629fec2-bc89-4e15-b7a6-3552a8ad9f27" testListId="8c84fa94-04c1-424b-9868-57a2d4851a1d" />
    <TestEntry testId="73534908-8b51-63ea-314a-04d8a73cf58f" executionId="3fe15873-a0cf-4913-90fa-ff90697cba59" testListId="8c84fa94-04c1-424b-9868-57a2d4851a1d" />
    <TestEntry testId="3158b43f-8578-67f7-c7d6-8ed52461e293" executionId="b7dd6571-adb0-4917-9856-588eb04e62a5" testListId="8c84fa94-04c1-424b-9868-57a2d4851a1d" />
    <TestEntry testId="32f6dafc-b0df-a1c9-450b-4b9f59974c15" executionId="b774d673-2ca8-487c-b7a6-fd7ad2017f2a" testListId="8c84fa94-04c1-424b-9868-57a2d4851a1d" />
    <TestEntry testId="29f6c287-6cc6-e7cb-6bf4-c6aa90f9d841" executionId="e2bb3b8e-d53b-47f5-aa72-7aaae272eb22" testListId="8c84fa94-04c1-424b-9868-57a2d4851a1d" />
  </TestEntries>
  <TestLists>
    <TestList name="Results Not in a List" id="8c84fa94-04c1-424b-9868-57a2d4851a1d" />
    <TestList name="All Loaded Results" id="19431567-8539-422a-85d7-44ee4e166bda" />
  </TestLists>
  <ResultSummary outcome="Completed">
    <Counters total="11" executed="11" passed="11" failed="0" error="0" timeout="0" aborted="0" inconclusive="0" passedButRunAborted="0" notRunnable="0" notExecuted="0" disconnected="0" warning="0" completed="0" inProgress="0" pending="0" />
  </ResultSummary>
</TestRun>