<?xml version="1.0" encoding="utf-8"?>
<TestRun id="a8d74f00-61de-4398-8202-f46cc3de5652" name="320050488@ANUPRSHETTY 2019-08-02 03:59:58" runUser="CODE1\320050488" xmlns="http://microsoft.com/schemas/VisualStudio/TeamTest/2010">
  <Times creation="2019-08-02T03:59:58.1941184+05:30" queuing="2019-08-02T03:59:58.1941184+05:30" start="2019-08-02T03:59:53.2368083+05:30" finish="2019-08-02T04:00:01.2761480+05:30" />
  <TestSettings name="default" id="e0c2a2d6-5218-4f9c-8de4-549722f5ef57">
    <Deployment runDeploymentRoot="320050488_ANUPRSHETTY_2019-08-02_03_59_58" />
  </TestSettings>
  <Results>
    <UnitTestResult executionId="f232e0ea-5a20-4c1b-a2cc-c647ab2a5f44" testId="2d85b701-b5fa-ad41-50bb-d4e90d670f15" testName="ProcessChatbotFeaturesTest5_Back" computerName="ANUPRSHETTY" duration="00:00:00.1288068" startTime="2019-08-02T03:59:59.1437647+05:30" endTime="2019-08-02T03:59:59.2737052+05:30" testType="13cdc9d9-ddb5-4fa4-a97d-d965ccfc6d4b" outcome="Passed" testListId="8c84fa94-04c1-424b-9868-57a2d4851a1d" relativeResultsDirectory="f232e0ea-5a20-4c1b-a2cc-c647ab2a5f44">
      <Output>
        <StdOut>Choose the following 'MEASURMENT' options:&#xD;
1: Central Survellience and alarm&#xD;
2: Child Birth Monitoring&#xD;
3: Cost Effective Monitoring&#xD;
4: Vitals&#xD;
5: Vitals and ECG&#xD;

!!!! Or else Choose Default options!!!! 
6: Display_Items
7: Start_Again
8: Exit_the_Application

Do you want 'TOUCHSCREEN' ?&#xD;
1: false&#xD;
2: true&#xD;


!!!! Or else Choose Default options!!!! 
3: Display_Items
4: Start_Again
5: Back
6: Exit_the_Application

Choose the following 'CATEGORY' options:&#xD;
1: Bedside&#xD;
2: EWS&#xD;
3: MM cum PM&#xD;
4: Spot Check PM&#xD;
5: Telemetry&#xD;


!!!! Or else Choose Default options!!!! 
6: Display_Items
7: Start_Again
8: Back
9: Exit_the_Application

Do you want 'TOUCHSCREEN' ?&#xD;
1: false&#xD;
2: true&#xD;


!!!! Or else Choose Default options!!!! 
3: Display_Items
4: Start_Again
5: Back
6: Exit_the_Application

Do you want 'INVASIVE_BP' ?&#xD;
1: false&#xD;
2: true&#xD;


!!!! Or else Choose Default options!!!! 
3: Display_Items
4: Start_Again
5: Back
6: Exit_the_Application
&#xD;
-------------------------------------------------------------------------------&#xD;
The Items which meet your Requirnment are : &#xD;
Suresight VM4&#xD;
-------------------------------------------------------------------------------&#xD;
&#xD;

---------------------------------!!!!! Thank you for your Interaction !!!!!---------------------------------
      ---------------------------------------!!!!! VISIT AGAIN !!!!!---------------------------------</StdOut>
      </Output>
    </UnitTestResult>
    <UnitTestResult executionId="35586315-2636-48c8-83f5-d8065d21cd58" testId="dcc8dab4-7382-9c7b-690d-4a56f9b042a9" testName="ProcessChatbotFeaturesTest7_start" computerName="ANUPRSHETTY" duration="00:00:00.1189692" startTime="2019-08-02T03:59:59.4353427+05:30" endTime="2019-08-02T03:59:59.5514549+05:30" testType="13cdc9d9-ddb5-4fa4-a97d-d965ccfc6d4b" outcome="Passed" testListId="8c84fa94-04c1-424b-9868-57a2d4851a1d" relativeResultsDirectory="35586315-2636-48c8-83f5-d8065d21cd58">
      <Output>
        <StdOut>Choose the following 'MEASURMENT' options:&#xD;
1: Central Survellience and alarm&#xD;
2: Child Birth Monitoring&#xD;
3: Cost Effective Monitoring&#xD;
4: Vitals&#xD;
5: Vitals and ECG&#xD;

!!!! Or else Choose Default options!!!! 
6: Display_Items
7: Start_Again
8: Exit_the_Application

Do you want 'TOUCHSCREEN' ?&#xD;
1: false&#xD;
2: true&#xD;


!!!! Or else Choose Default options!!!! 
3: Display_Items
4: Start_Again
5: Back
6: Exit_the_Application

Choose the following 'CATEGORY' options:&#xD;
1: Bedside&#xD;
2: EWS&#xD;
3: MM cum PM&#xD;
4: Spot Check PM&#xD;
5: Telemetry&#xD;


!!!! Or else Choose Default options!!!! 
6: Display_Items
7: Start_Again
8: Back
9: Exit_the_Application
Choose the following 'MEASURMENT' options:&#xD;
1: Central Survellience and alarm&#xD;
2: Child Birth Monitoring&#xD;
3: Cost Effective Monitoring&#xD;
4: Vitals&#xD;
5: Vitals and ECG&#xD;

!!!! Or else Choose Default options!!!! 
6: Display_Items
7: Start_Again
8: Exit_the_Application
&#xD;
-------------------------------------------------------------------------------&#xD;
The Items which meet your Requirnment are : &#xD;
Efficia CMS200&#xD;
-------------------------------------------------------------------------------&#xD;
&#xD;

---------------------------------!!!!! Thank you for your Interaction !!!!!---------------------------------
      ---------------------------------------!!!!! VISIT AGAIN !!!!!---------------------------------</StdOut>
      </Output>
    </UnitTestResult>
    <UnitTestResult executionId="c10a3445-62f1-4b42-b719-190e9b901c2e" testId="d52fd79b-db7b-9510-d8a8-2fe731d0ab30" testName="SelectItemsTest2" computerName="ANUPRSHETTY" duration="00:00:00.0062277" startTime="2019-08-02T03:59:59.5514549+05:30" endTime="2019-08-02T03:59:59.5514549+05:30" testType="13cdc9d9-ddb5-4fa4-a97d-d965ccfc6d4b" outcome="Passed" testListId="8c84fa94-04c1-424b-9868-57a2d4851a1d" relativeResultsDirectory="c10a3445-62f1-4b42-b719-190e9b901c2e" />
    <UnitTestResult executionId="b4c5a563-751b-4e25-be0f-dfda22eee594" testId="32f6dafc-b0df-a1c9-450b-4b9f59974c15" testName="ProcessChatbotFeaturesTest3" computerName="ANUPRSHETTY" duration="00:00:00.0923241" startTime="2019-08-02T03:59:58.9273886+05:30" endTime="2019-08-02T03:59:59.0127516+05:30" testType="13cdc9d9-ddb5-4fa4-a97d-d965ccfc6d4b" outcome="Passed" testListId="8c84fa94-04c1-424b-9868-57a2d4851a1d" relativeResultsDirectory="b4c5a563-751b-4e25-be0f-dfda22eee594">
      <Output>
        <StdOut>Choose the following 'MEASURMENT' options:&#xD;
1: Central Survellience and alarm&#xD;
2: Child Birth Monitoring&#xD;
3: Cost Effective Monitoring&#xD;
4: Vitals&#xD;
5: Vitals and ECG&#xD;

!!!! Or else Choose Default options!!!! 
6: Display_Items
7: Start_Again
8: Exit_the_Application
&#xD;
-------------------------------------------------------------------------------&#xD;
The Items which meet your Requirnment are : &#xD;
Efficia CMS200&#xD;
-------------------------------------------------------------------------------&#xD;
&#xD;

---------------------------------!!!!! Thank you for your Interaction !!!!!---------------------------------
      ---------------------------------------!!!!! VISIT AGAIN !!!!!---------------------------------</StdOut>
      </Output>
    </UnitTestResult>
    <UnitTestResult executionId="ccbbb1dc-a183-4a98-8f37-592c8bd70ebd" testId="73534908-8b51-63ea-314a-04d8a73cf58f" testName="ProcessChatbotFeaturesTest1" computerName="ANUPRSHETTY" duration="00:00:00.6306407" startTime="2019-08-02T03:59:58.1613056+05:30" endTime="2019-08-02T03:59:58.7908461+05:30" testType="13cdc9d9-ddb5-4fa4-a97d-d965ccfc6d4b" outcome="Passed" testListId="8c84fa94-04c1-424b-9868-57a2d4851a1d" relativeResultsDirectory="ccbbb1dc-a183-4a98-8f37-592c8bd70ebd">
      <Output>
        <StdOut>Choose the following 'MEASURMENT' options:&#xD;
1: Central Survellience and alarm&#xD;
2: Child Birth Monitoring&#xD;
3: Cost Effective Monitoring&#xD;
4: Vitals&#xD;
5: Vitals and ECG&#xD;

!!!! Or else Choose Default options!!!! 
6: Display_Items
7: Start_Again
8: Exit_the_Application

Do you want 'TOUCHSCREEN' ?&#xD;
1: false&#xD;
2: true&#xD;


!!!! Or else Choose Default options!!!! 
3: Display_Items
4: Start_Again
5: Back
6: Exit_the_Application

Choose the following 'CATEGORY' options:&#xD;
1: Bedside&#xD;
2: EWS&#xD;
3: MM cum PM&#xD;
4: Spot Check PM&#xD;
5: Telemetry&#xD;


!!!! Or else Choose Default options!!!! 
6: Display_Items
7: Start_Again
8: Back
9: Exit_the_Application
&#xD;
-------------------------------------------------------------------------------&#xD;
The Items which meet your Requirnment are : &#xD;
Intellivue MP5T&#xD;
-------------------------------------------------------------------------------&#xD;
&#xD;

---------------------------------!!!!! Thank you for your Interaction !!!!!---------------------------------
      ---------------------------------------!!!!! VISIT AGAIN !!!!!---------------------------------</StdOut>
      </Output>
    </UnitTestResult>
    <UnitTestResult executionId="93c0d919-a27d-4b65-8002-3f3cc46d317a" testId="95025142-f619-96e9-a07a-5bbdc36f21d2" testName="SelectItemsTest1" computerName="ANUPRSHETTY" duration="00:00:00.0005255" startTime="2019-08-02T03:59:59.5514549+05:30" endTime="2019-08-02T03:59:59.5514549+05:30" testType="13cdc9d9-ddb5-4fa4-a97d-d965ccfc6d4b" outcome="Passed" testListId="8c84fa94-04c1-424b-9868-57a2d4851a1d" relativeResultsDirectory="93c0d919-a27d-4b65-8002-3f3cc46d317a" />
    <UnitTestResult executionId="09e2b3aa-852d-4516-8a2d-8930480bcae1" testId="3d2b90a2-8e8c-572b-95fa-7befbea51e28" testName="ProcessChatbotFeaturesTest4" computerName="ANUPRSHETTY" duration="00:00:00.1294614" startTime="2019-08-02T03:59:59.0127516+05:30" endTime="2019-08-02T03:59:59.1437647+05:30" testType="13cdc9d9-ddb5-4fa4-a97d-d965ccfc6d4b" outcome="Passed" testListId="8c84fa94-04c1-424b-9868-57a2d4851a1d" relativeResultsDirectory="09e2b3aa-852d-4516-8a2d-8930480bcae1">
      <Output>
        <StdOut>Choose the following 'MEASURMENT' options:&#xD;
1: Central Survellience and alarm&#xD;
2: Child Birth Monitoring&#xD;
3: Cost Effective Monitoring&#xD;
4: Vitals&#xD;
5: Vitals and ECG&#xD;

!!!! Or else Choose Default options!!!! 
6: Display_Items
7: Start_Again
8: Exit_the_Application

Do you want 'NBP_MEASURMENT' ?&#xD;
1: false&#xD;
2: true&#xD;


!!!! Or else Choose Default options!!!! 
3: Display_Items
4: Start_Again
5: Back
6: Exit_the_Application

Choose the following 'SPEED' options:&#xD;
1: Fast&#xD;
2: Slow&#xD;


!!!! Or else Choose Default options!!!! 
3: Display_Items
4: Start_Again
5: Back
6: Exit_the_Application
&#xD;
-------------------------------------------------------------------------------&#xD;
The Items which meet your Requirnment are : &#xD;
Suresight VS3&#xD;
-------------------------------------------------------------------------------&#xD;
&#xD;

---------------------------------!!!!! Thank you for your Interaction !!!!!---------------------------------
      ---------------------------------------!!!!! VISIT AGAIN !!!!!---------------------------------</StdOut>
      </Output>
    </UnitTestResult>
    <UnitTestResult executionId="10d59d42-1bed-4197-93dc-c80ff1c4a31e" testId="3158b43f-8578-67f7-c7d6-8ed52461e293" testName="ReadProductAttributesTest1" computerName="ANUPRSHETTY" duration="00:00:00.2770448" startTime="2019-08-02T03:59:54.6116532+05:30" endTime="2019-08-02T03:59:58.1434941+05:30" testType="13cdc9d9-ddb5-4fa4-a97d-d965ccfc6d4b" outcome="Passed" testListId="8c84fa94-04c1-424b-9868-57a2d4851a1d" relativeResultsDirectory="10d59d42-1bed-4197-93dc-c80ff1c4a31e" />
    <UnitTestResult executionId="07d1ecd9-bba4-47da-9bbd-3d6bc53eda2e" testId="89b20a49-2ee8-3fe0-a85e-d848e5bb5d55" testName="ProcessChatbotFeaturesTest6_Back2" computerName="ANUPRSHETTY" duration="00:00:00.1544732" startTime="2019-08-02T03:59:59.2737052+05:30" endTime="2019-08-02T03:59:59.4353427+05:30" testType="13cdc9d9-ddb5-4fa4-a97d-d965ccfc6d4b" outcome="Passed" testListId="8c84fa94-04c1-424b-9868-57a2d4851a1d" relativeResultsDirectory="07d1ecd9-bba4-47da-9bbd-3d6bc53eda2e">
      <Output>
        <StdOut>Choose the following 'MEASURMENT' options:&#xD;
1: Central Survellience and alarm&#xD;
2: Child Birth Monitoring&#xD;
3: Cost Effective Monitoring&#xD;
4: Vitals&#xD;
5: Vitals and ECG&#xD;

!!!! Or else Choose Default options!!!! 
6: Display_Items
7: Start_Again
8: Exit_the_Application

Do you want 'TOUCHSCREEN' ?&#xD;
1: false&#xD;
2: true&#xD;


!!!! Or else Choose Default options!!!! 
3: Display_Items
4: Start_Again
5: Back
6: Exit_the_Application

Choose the following 'CATEGORY' options:&#xD;
1: Bedside&#xD;
2: EWS&#xD;
3: MM cum PM&#xD;
4: Spot Check PM&#xD;
5: Telemetry&#xD;


!!!! Or else Choose Default options!!!! 
6: Display_Items
7: Start_Again
8: Back
9: Exit_the_Application

Do you want 'TOUCHSCREEN' ?&#xD;
1: false&#xD;
2: true&#xD;


!!!! Or else Choose Default options!!!! 
3: Display_Items
4: Start_Again
5: Back
6: Exit_the_Application
Choose the following 'MEASURMENT' options:&#xD;
1: Central Survellience and alarm&#xD;
2: Child Birth Monitoring&#xD;
3: Cost Effective Monitoring&#xD;
4: Vitals&#xD;
5: Vitals and ECG&#xD;

!!!! Or else Choose Default options!!!! 
6: Display_Items
7: Start_Again
8: Exit_the_Application
&#xD;
-------------------------------------------------------------------------------&#xD;
The Items which meet your Requirnment are : &#xD;
Efficia CMS200&#xD;
-------------------------------------------------------------------------------&#xD;
&#xD;

---------------------------------!!!!! Thank you for your Interaction !!!!!---------------------------------
      ---------------------------------------!!!!! VISIT AGAIN !!!!!---------------------------------</StdOut>
      </Output>
    </UnitTestResult>
    <UnitTestResult executionId="706881e9-67ae-490b-a47d-3bc2c6004f93" testId="7fd9bedd-a6bf-a150-60a7-314c096abaec" testName="SelectItemsTest3" computerName="ANUPRSHETTY" duration="00:00:00.0039253" startTime="2019-08-02T03:59:59.5670817+05:30" endTime="2019-08-02T03:59:59.5670817+05:30" testType="13cdc9d9-ddb5-4fa4-a97d-d965ccfc6d4b" outcome="Passed" testListId="8c84fa94-04c1-424b-9868-57a2d4851a1d" relativeResultsDirectory="706881e9-67ae-490b-a47d-3bc2c6004f93" />
    <UnitTestResult executionId="4648667d-bbce-4745-a01b-8bbdef4ed622" testId="29f6c287-6cc6-e7cb-6bf4-c6aa90f9d841" testName="ProcessChatbotFeaturesTest2" computerName="ANUPRSHETTY" duration="00:00:00.1371921" startTime="2019-08-02T03:59:58.7908461+05:30" endTime="2019-08-02T03:59:58.9273886+05:30" testType="13cdc9d9-ddb5-4fa4-a97d-d965ccfc6d4b" outcome="Passed" testListId="8c84fa94-04c1-424b-9868-57a2d4851a1d" relativeResultsDirectory="4648667d-bbce-4745-a01b-8bbdef4ed622">
      <Output>
        <StdOut>Choose the following 'MEASURMENT' options:&#xD;
1: Central Survellience and alarm&#xD;
2: Child Birth Monitoring&#xD;
3: Cost Effective Monitoring&#xD;
4: Vitals&#xD;
5: Vitals and ECG&#xD;

!!!! Or else Choose Default options!!!! 
6: Display_Items
7: Start_Again
8: Exit_the_Application

Do you want 'TOUCHSCREEN' ?&#xD;
1: false&#xD;
2: true&#xD;


!!!! Or else Choose Default options!!!! 
3: Display_Items
4: Start_Again
5: Back
6: Exit_the_Application

Choose the following 'CATEGORY' options:&#xD;
1: Bedside&#xD;
2: EWS&#xD;
3: MM cum PM&#xD;
4: Spot Check PM&#xD;
5: Telemetry&#xD;


!!!! Or else Choose Default options!!!! 
6: Display_Items
7: Start_Again
8: Back
9: Exit_the_Application

Choose the following 'PORTABLITY_TRUE' options:&#xD;
1: Non-Portable&#xD;
2: Portable&#xD;
3: Wearable&#xD;


!!!! Or else Choose Default options!!!! 
4: Display_Items
5: Start_Again
6: Back
7: Exit_the_Application

Choose the following 'SIZE_TRUE' options:&#xD;
1: Large(12-15)&#xD;
2: Medium(10-12)&#xD;
3: Small(8-10)&#xD;


!!!! Or else Choose Default options!!!! 
4: Display_Items
5: Start_Again
6: Back
7: Exit_the_Application

Choose the following 'FEATURE_3' options:&#xD;
1: ACS&#xD;
2: Integrated PC&#xD;


!!!! Or else Choose Default options!!!! 
3: Display_Items
4: Start_Again
5: Back
6: Exit_the_Application
&#xD;
-------------------------------------------------------------------------------&#xD;
The Items which meet your Requirnment are : &#xD;
Intellivue MX800&#xD;
-------------------------------------------------------------------------------&#xD;
&#xD;

---------------------------------!!!!! Thank you for your Interaction !!!!!---------------------------------
      ---------------------------------------!!!!! VISIT AGAIN !!!!!---------------------------------</StdOut>
      </Output>
    </UnitTestResult>
  </Results>
  <TestDefinitions>
    <UnitTest name="ProcessChatbotFeaturesTest3" storage="c:\users\320050488\onedrive - philips\philips\c# learning\easyselectionchatbot\easyselectionchatbotunittest\bin\debug\easyselectionchatbotunittest.dll" id="32f6dafc-b0df-a1c9-450b-4b9f59974c15">
      <Execution id="b4c5a563-751b-4e25-be0f-dfda22eee594" />
      <TestMethod codeBase="C:\Users\320050488\OneDrive - Philips\philips\C# learning\EasySelectionChatbot\EasySelectionChatbotUnitTest\bin\Debug\EasySelectionChatbotUnitTest.dll" adapterTypeName="executor://mstestadapter/v2" className="EasySelectionChatbotUnitTest.UnitTest1" name="ProcessChatbotFeaturesTest3" />
    </UnitTest>
    <UnitTest name="ProcessChatbotFeaturesTest6_Back2" storage="c:\users\320050488\onedrive - philips\philips\c# learning\easyselectionchatbot\easyselectionchatbotunittest\bin\debug\easyselectionchatbotunittest.dll" id="89b20a49-2ee8-3fe0-a85e-d848e5bb5d55">
      <Execution id="07d1ecd9-bba4-47da-9bbd-3d6bc53eda2e" />
      <TestMethod codeBase="C:\Users\320050488\OneDrive - Philips\philips\C# learning\EasySelectionChatbot\EasySelectionChatbotUnitTest\bin\Debug\EasySelectionChatbotUnitTest.dll" adapterTypeName="executor://mstestadapter/v2" className="EasySelectionChatbotUnitTest.UnitTest1" name="ProcessChatbotFeaturesTest6_Back2" />
    </UnitTest>
    <UnitTest name="ProcessChatbotFeaturesTest7_start" storage="c:\users\320050488\onedrive - philips\philips\c# learning\easyselectionchatbot\easyselectionchatbotunittest\bin\debug\easyselectionchatbotunittest.dll" id="dcc8dab4-7382-9c7b-690d-4a56f9b042a9">
      <Execution id="35586315-2636-48c8-83f5-d8065d21cd58" />
      <TestMethod codeBase="C:\Users\320050488\OneDrive - Philips\philips\C# learning\EasySelectionChatbot\EasySelectionChatbotUnitTest\bin\Debug\EasySelectionChatbotUnitTest.dll" adapterTypeName="executor://mstestadapter/v2" className="EasySelectionChatbotUnitTest.UnitTest1" name="ProcessChatbotFeaturesTest7_start" />
    </UnitTest>
    <UnitTest name="SelectItemsTest3" storage="c:\users\320050488\onedrive - philips\philips\c# learning\easyselectionchatbot\easyselectionchatbotunittest\bin\debug\easyselectionchatbotunittest.dll" id="7fd9bedd-a6bf-a150-60a7-314c096abaec">
      <Execution id="706881e9-67ae-490b-a47d-3bc2c6004f93" />
      <TestMethod codeBase="C:\Users\320050488\OneDrive - Philips\philips\C# learning\EasySelectionChatbot\EasySelectionChatbotUnitTest\bin\Debug\EasySelectionChatbotUnitTest.dll" adapterTypeName="executor://mstestadapter/v2" className="EasySelectionChatbotUnitTest.UnitTest1" name="SelectItemsTest3" />
    </UnitTest>
    <UnitTest name="ReadProductAttributesTest1" storage="c:\users\320050488\onedrive - philips\philips\c# learning\easyselectionchatbot\easyselectionchatbotunittest\bin\debug\easyselectionchatbotunittest.dll" id="3158b43f-8578-67f7-c7d6-8ed52461e293">
      <Execution id="10d59d42-1bed-4197-93dc-c80ff1c4a31e" />
      <TestMethod codeBase="C:\Users\320050488\OneDrive - Philips\philips\C# learning\EasySelectionChatbot\EasySelectionChatbotUnitTest\bin\Debug\EasySelectionChatbotUnitTest.dll" adapterTypeName="executor://mstestadapter/v2" className="EasySelectionChatbotUnitTest.UnitTest1" name="ReadProductAttributesTest1" />
    </UnitTest>
    <UnitTest name="ProcessChatbotFeaturesTest4" storage="c:\users\320050488\onedrive - philips\philips\c# learning\easyselectionchatbot\easyselectionchatbotunittest\bin\debug\easyselectionchatbotunittest.dll" id="3d2b90a2-8e8c-572b-95fa-7befbea51e28">
      <Execution id="09e2b3aa-852d-4516-8a2d-8930480bcae1" />
      <TestMethod codeBase="C:\Users\320050488\OneDrive - Philips\philips\C# learning\EasySelectionChatbot\EasySelectionChatbotUnitTest\bin\Debug\EasySelectionChatbotUnitTest.dll" adapterTypeName="executor://mstestadapter/v2" className="EasySelectionChatbotUnitTest.UnitTest1" name="ProcessChatbotFeaturesTest4" />
    </UnitTest>
    <UnitTest name="ProcessChatbotFeaturesTest1" storage="c:\users\320050488\onedrive - philips\philips\c# learning\easyselectionchatbot\easyselectionchatbotunittest\bin\debug\easyselectionchatbotunittest.dll" id="73534908-8b51-63ea-314a-04d8a73cf58f">
      <Execution id="ccbbb1dc-a183-4a98-8f37-592c8bd70ebd" />
      <TestMethod codeBase="C:\Users\320050488\OneDrive - Philips\philips\C# learning\EasySelectionChatbot\EasySelectionChatbotUnitTest\bin\Debug\EasySelectionChatbotUnitTest.dll" adapterTypeName="executor://mstestadapter/v2" className="EasySelectionChatbotUnitTest.UnitTest1" name="ProcessChatbotFeaturesTest1" />
    </UnitTest>
    <UnitTest name="SelectItemsTest2" storage="c:\users\320050488\onedrive - philips\philips\c# learning\easyselectionchatbot\easyselectionchatbotunittest\bin\debug\easyselectionchatbotunittest.dll" id="d52fd79b-db7b-9510-d8a8-2fe731d0ab30">
      <Execution id="c10a3445-62f1-4b42-b719-190e9b901c2e" />
      <TestMethod codeBase="C:\Users\320050488\OneDrive - Philips\philips\C# learning\EasySelectionChatbot\EasySelectionChatbotUnitTest\bin\Debug\EasySelectionChatbotUnitTest.dll" adapterTypeName="executor://mstestadapter/v2" className="EasySelectionChatbotUnitTest.UnitTest1" name="SelectItemsTest2" />
    </UnitTest>
    <UnitTest name="ProcessChatbotFeaturesTest2" storage="c:\users\320050488\onedrive - philips\philips\c# learning\easyselectionchatbot\easyselectionchatbotunittest\bin\debug\easyselectionchatbotunittest.dll" id="29f6c287-6cc6-e7cb-6bf4-c6aa90f9d841">
      <Execution id="4648667d-bbce-4745-a01b-8bbdef4ed622" />
      <TestMethod codeBase="C:\Users\320050488\OneDrive - Philips\philips\C# learning\EasySelectionChatbot\EasySelectionChatbotUnitTest\bin\Debug\EasySelectionChatbotUnitTest.dll" adapterTypeName="executor://mstestadapter/v2" className="EasySelectionChatbotUnitTest.UnitTest1" name="ProcessChatbotFeaturesTest2" />
    </UnitTest>
    <UnitTest name="ProcessChatbotFeaturesTest5_Back" storage="c:\users\320050488\onedrive - philips\philips\c# learning\easyselectionchatbot\easyselectionchatbotunittest\bin\debug\easyselectionchatbotunittest.dll" id="2d85b701-b5fa-ad41-50bb-d4e90d670f15">
      <Execution id="f232e0ea-5a20-4c1b-a2cc-c647ab2a5f44" />
      <TestMethod codeBase="C:\Users\320050488\OneDrive - Philips\philips\C# learning\EasySelectionChatbot\EasySelectionChatbotUnitTest\bin\Debug\EasySelectionChatbotUnitTest.dll" adapterTypeName="executor://mstestadapter/v2" className="EasySelectionChatbotUnitTest.UnitTest1" name="ProcessChatbotFeaturesTest5_Back" />
    </UnitTest>
    <UnitTest name="SelectItemsTest1" storage="c:\users\320050488\onedrive - philips\philips\c# learning\easyselectionchatbot\easyselectionchatbotunittest\bin\debug\easyselectionchatbotunittest.dll" id="95025142-f619-96e9-a07a-5bbdc36f21d2">
      <Execution id="93c0d919-a27d-4b65-8002-3f3cc46d317a" />
      <TestMethod codeBase="C:\Users\320050488\OneDrive - Philips\philips\C# learning\EasySelectionChatbot\EasySelectionChatbotUnitTest\bin\Debug\EasySelectionChatbotUnitTest.dll" adapterTypeName="executor://mstestadapter/v2" className="EasySelectionChatbotUnitTest.UnitTest1" name="SelectItemsTest1" />
    </UnitTest>
  </TestDefinitions>
  <TestEntries>
    <TestEntry testId="2d85b701-b5fa-ad41-50bb-d4e90d670f15" executionId="f232e0ea-5a20-4c1b-a2cc-c647ab2a5f44" testListId="8c84fa94-04c1-424b-9868-57a2d4851a1d" />
    <TestEntry testId="dcc8dab4-7382-9c7b-690d-4a56f9b042a9" executionId="35586315-2636-48c8-83f5-d8065d21cd58" testListId="8c84fa94-04c1-424b-9868-57a2d4851a1d" />
    <TestEntry testId="d52fd79b-db7b-9510-d8a8-2fe731d0ab30" executionId="c10a3445-62f1-4b42-b719-190e9b901c2e" testListId="8c84fa94-04c1-424b-9868-57a2d4851a1d" />
    <TestEntry testId="32f6dafc-b0df-a1c9-450b-4b9f59974c15" executionId="b4c5a563-751b-4e25-be0f-dfda22eee594" testListId="8c84fa94-04c1-424b-9868-57a2d4851a1d" />
    <TestEntry testId="73534908-8b51-63ea-314a-04d8a73cf58f" executionId="ccbbb1dc-a183-4a98-8f37-592c8bd70ebd" testListId="8c84fa94-04c1-424b-9868-57a2d4851a1d" />
    <TestEntry testId="95025142-f619-96e9-a07a-5bbdc36f21d2" executionId="93c0d919-a27d-4b65-8002-3f3cc46d317a" testListId="8c84fa94-04c1-424b-9868-57a2d4851a1d" />
    <TestEntry testId="3d2b90a2-8e8c-572b-95fa-7befbea51e28" executionId="09e2b3aa-852d-4516-8a2d-8930480bcae1" testListId="8c84fa94-04c1-424b-9868-57a2d4851a1d" />
    <TestEntry testId="3158b43f-8578-67f7-c7d6-8ed52461e293" executionId="10d59d42-1bed-4197-93dc-c80ff1c4a31e" testListId="8c84fa94-04c1-424b-9868-57a2d4851a1d" />
    <TestEntry testId="89b20a49-2ee8-3fe0-a85e-d848e5bb5d55" executionId="07d1ecd9-bba4-47da-9bbd-3d6bc53eda2e" testListId="8c84fa94-04c1-424b-9868-57a2d4851a1d" />
    <TestEntry testId="7fd9bedd-a6bf-a150-60a7-314c096abaec" executionId="706881e9-67ae-490b-a47d-3bc2c6004f93" testListId="8c84fa94-04c1-424b-9868-57a2d4851a1d" />
    <TestEntry testId="29f6c287-6cc6-e7cb-6bf4-c6aa90f9d841" executionId="4648667d-bbce-4745-a01b-8bbdef4ed622" testListId="8c84fa94-04c1-424b-9868-57a2d4851a1d" />
  </TestEntries>
  <TestLists>
    <TestList name="Results Not in a List" id="8c84fa94-04c1-424b-9868-57a2d4851a1d" />
    <TestList name="All Loaded Results" id="19431567-8539-422a-85d7-44ee4e166bda" />
  </TestLists>
  <ResultSummary outcome="Completed">
    <Counters total="11" executed="11" passed="11" failed="0" error="0" timeout="0" aborted="0" inconclusive="0" passedButRunAborted="0" notRunnable="0" notExecuted="0" disconnected="0" warning="0" completed="0" inProgress="0" pending="0" />
  </ResultSummary>
</TestRun>