<?xml version="1.0" encoding="utf-8"?>
<TestRun id="62d3f297-83cc-4b08-96a6-d77b3fae360b" name="320050488@ANUPRSHETTY 2019-08-02 03:20:09" runUser="CODE1\320050488" xmlns="http://microsoft.com/schemas/VisualStudio/TeamTest/2010">
  <Times creation="2019-08-02T03:20:09.8985216+05:30" queuing="2019-08-02T03:20:09.8985216+05:30" start="2019-08-02T03:20:07.2451283+05:30" finish="2019-08-02T03:20:11.6702712+05:30" />
  <TestSettings name="default" id="8e527017-71fb-4e2d-b22b-dc81901c3c77">
    <Deployment runDeploymentRoot="320050488_ANUPRSHETTY_2019-08-02_03_20_09" />
  </TestSettings>
  <Results>
    <UnitTestResult executionId="31ae2b61-3656-4197-9052-f3917fa5d222" testId="7fd9bedd-a6bf-a150-60a7-314c096abaec" testName="SelectItemsTest3" computerName="ANUPRSHETTY" duration="00:00:00.0021635" startTime="2019-08-02T03:20:09.9413287+05:30" endTime="2019-08-02T03:20:09.9423695+05:30" testType="13cdc9d9-ddb5-4fa4-a97d-d965ccfc6d4b" outcome="Passed" testListId="8c84fa94-04c1-424b-9868-57a2d4851a1d" relativeResultsDirectory="31ae2b61-3656-4197-9052-f3917fa5d222" />
    <UnitTestResult executionId="2f577827-31d6-4a0f-9935-af0e9409f918" testId="89b20a49-2ee8-3fe0-a85e-d848e5bb5d55" testName="ProcessChatbotFeaturesTest6_Back2" computerName="ANUPRSHETTY" duration="00:00:00.0266412" startTime="2019-08-02T03:20:09.8797553+05:30" endTime="2019-08-02T03:20:09.9067034+05:30" testType="13cdc9d9-ddb5-4fa4-a97d-d965ccfc6d4b" outcome="Passed" testListId="8c84fa94-04c1-424b-9868-57a2d4851a1d" relativeResultsDirectory="2f577827-31d6-4a0f-9935-af0e9409f918">
      <Output>
        <StdOut>Choose the following 'MEASURMENT' options:&#xD;
1: Central Survellience and alarm&#xD;
2: Child Birth Monitoring&#xD;
3: Cost Effective Monitoring&#xD;
4: Vitals&#xD;
5: Vitals and ECG&#xD;

!!!! Or else Choose Default options!!!! 
6: Display_Items
7: Start_Again
8: Exit_the_Application

Do you want 'TOUCHSCREEN' ?&#xD;
1: false&#xD;
2: true&#xD;


!!!! Or else Choose Default options!!!! 
3: Display_Items
4: Start_Again
5: Back
6: Exit_the_Application

Choose the following 'CATEGORY' options:&#xD;
1: Bedside&#xD;
2: EWS&#xD;
3: MM cum PM&#xD;
4: Spot Check PM&#xD;
5: Telemetry&#xD;


!!!! Or else Choose Default options!!!! 
6: Display_Items
7: Start_Again
8: Back
9: Exit_the_Application

Do you want 'TOUCHSCREEN' ?&#xD;
1: false&#xD;
2: true&#xD;


!!!! Or else Choose Default options!!!! 
3: Display_Items
4: Start_Again
5: Back
6: Exit_the_Application
Choose the following 'MEASURMENT' options:&#xD;
1: Central Survellience and alarm&#xD;
2: Child Birth Monitoring&#xD;
3: Cost Effective Monitoring&#xD;
4: Vitals&#xD;
5: Vitals and ECG&#xD;

!!!! Or else Choose Default options!!!! 
6: Display_Items
7: Start_Again
8: Exit_the_Application
-------------------------------------------------------------------------------&#xD;
The Items which meet your Requirnment are : &#xD;
Efficia CMS200&#xD;
-------------------------------------------------------------------------------&#xD;
---------------------------------!!!!! Thank you for Interaction !!!!!---------------------------------
      ---------------------------------!!!!!VISIT AGAIN !!!!---------------------------------</StdOut>
      </Output>
    </UnitTestResult>
    <UnitTestResult executionId="2f811946-cbed-4663-b6c5-dcb0b5d7451c" testId="3158b43f-8578-67f7-c7d6-8ed52461e293" testName="ReadProductAttributesTest1" computerName="ANUPRSHETTY" duration="00:00:00.2660827" startTime="2019-08-02T03:20:08.6275635+05:30" endTime="2019-08-02T03:20:09.0849798+05:30" testType="13cdc9d9-ddb5-4fa4-a97d-d965ccfc6d4b" outcome="Passed" testListId="8c84fa94-04c1-424b-9868-57a2d4851a1d" relativeResultsDirectory="2f811946-cbed-4663-b6c5-dcb0b5d7451c" />
    <UnitTestResult executionId="00aac517-1e10-4e7b-bce3-9883c09a4c3e" testId="dcc8dab4-7382-9c7b-690d-4a56f9b042a9" testName="ProcessChatbotFeaturesTest7_start" computerName="ANUPRSHETTY" duration="00:00:00.0294453" startTime="2019-08-02T03:20:09.9067034+05:30" endTime="2019-08-02T03:20:09.9280545+05:30" testType="13cdc9d9-ddb5-4fa4-a97d-d965ccfc6d4b" outcome="Passed" testListId="8c84fa94-04c1-424b-9868-57a2d4851a1d" relativeResultsDirectory="00aac517-1e10-4e7b-bce3-9883c09a4c3e">
      <Output>
        <StdOut>Choose the following 'MEASURMENT' options:&#xD;
1: Central Survellience and alarm&#xD;
2: Child Birth Monitoring&#xD;
3: Cost Effective Monitoring&#xD;
4: Vitals&#xD;
5: Vitals and ECG&#xD;

!!!! Or else Choose Default options!!!! 
6: Display_Items
7: Start_Again
8: Exit_the_Application

Do you want 'TOUCHSCREEN' ?&#xD;
1: false&#xD;
2: true&#xD;


!!!! Or else Choose Default options!!!! 
3: Display_Items
4: Start_Again
5: Back
6: Exit_the_Application

Choose the following 'CATEGORY' options:&#xD;
1: Bedside&#xD;
2: EWS&#xD;
3: MM cum PM&#xD;
4: Spot Check PM&#xD;
5: Telemetry&#xD;


!!!! Or else Choose Default options!!!! 
6: Display_Items
7: Start_Again
8: Back
9: Exit_the_Application
Choose the following 'MEASURMENT' options:&#xD;
1: Central Survellience and alarm&#xD;
2: Child Birth Monitoring&#xD;
3: Cost Effective Monitoring&#xD;
4: Vitals&#xD;
5: Vitals and ECG&#xD;

!!!! Or else Choose Default options!!!! 
6: Display_Items
7: Start_Again
8: Exit_the_Application
-------------------------------------------------------------------------------&#xD;
The Items which meet your Requirnment are : &#xD;
Efficia CMS200&#xD;
-------------------------------------------------------------------------------&#xD;
---------------------------------!!!!! Thank you for Interaction !!!!!---------------------------------
      ---------------------------------!!!!!VISIT AGAIN !!!!---------------------------------</StdOut>
      </Output>
    </UnitTestResult>
    <UnitTestResult executionId="bc30f4b3-808d-4a9b-8f19-6f9f46a1c7a6" testId="29f6c287-6cc6-e7cb-6bf4-c6aa90f9d841" testName="ProcessChatbotFeaturesTest2" computerName="ANUPRSHETTY" duration="00:00:00.1042692" startTime="2019-08-02T03:20:09.5753514+05:30" endTime="2019-08-02T03:20:09.6914004+05:30" testType="13cdc9d9-ddb5-4fa4-a97d-d965ccfc6d4b" outcome="Passed" testListId="8c84fa94-04c1-424b-9868-57a2d4851a1d" relativeResultsDirectory="bc30f4b3-808d-4a9b-8f19-6f9f46a1c7a6">
      <Output>
        <StdOut>Choose the following 'MEASURMENT' options:&#xD;
1: Central Survellience and alarm&#xD;
2: Child Birth Monitoring&#xD;
3: Cost Effective Monitoring&#xD;
4: Vitals&#xD;
5: Vitals and ECG&#xD;

!!!! Or else Choose Default options!!!! 
6: Display_Items
7: Start_Again
8: Exit_the_Application

Do you want 'TOUCHSCREEN' ?&#xD;
1: false&#xD;
2: true&#xD;


!!!! Or else Choose Default options!!!! 
3: Display_Items
4: Start_Again
5: Back
6: Exit_the_Application

Choose the following 'CATEGORY' options:&#xD;
1: Bedside&#xD;
2: EWS&#xD;
3: MM cum PM&#xD;
4: Spot Check PM&#xD;
5: Telemetry&#xD;


!!!! Or else Choose Default options!!!! 
6: Display_Items
7: Start_Again
8: Back
9: Exit_the_Application

Choose the following 'PORTABLITY_TRUE' options:&#xD;
1: Non-Portable&#xD;
2: Portable&#xD;
3: Wearable&#xD;


!!!! Or else Choose Default options!!!! 
4: Display_Items
5: Start_Again
6: Back
7: Exit_the_Application

Choose the following 'SIZE_TRUE' options:&#xD;
1: Large(12-15)&#xD;
2: Medium(10-12)&#xD;
3: Small(8-10)&#xD;


!!!! Or else Choose Default options!!!! 
4: Display_Items
5: Start_Again
6: Back
7: Exit_the_Application

Choose the following 'FEATURE_3' options:&#xD;
1: ACS&#xD;
2: Integrated PC&#xD;


!!!! Or else Choose Default options!!!! 
3: Display_Items
4: Start_Again
5: Back
6: Exit_the_Application
-------------------------------------------------------------------------------&#xD;
The Items which meet your Requirnment are : &#xD;
Intellivue MX800&#xD;
-------------------------------------------------------------------------------&#xD;
---------------------------------!!!!! Thank you for Interaction !!!!!---------------------------------
      ---------------------------------!!!!!VISIT AGAIN !!!!---------------------------------</StdOut>
      </Output>
    </UnitTestResult>
    <UnitTestResult executionId="c3a02458-06b7-4d7e-9aae-8b35d3aa4b93" testId="95025142-f619-96e9-a07a-5bbdc36f21d2" testName="SelectItemsTest1" computerName="ANUPRSHETTY" duration="00:00:00.0004050" startTime="2019-08-02T03:20:09.9280545+05:30" endTime="2019-08-02T03:20:09.9280545+05:30" testType="13cdc9d9-ddb5-4fa4-a97d-d965ccfc6d4b" outcome="Passed" testListId="8c84fa94-04c1-424b-9868-57a2d4851a1d" relativeResultsDirectory="c3a02458-06b7-4d7e-9aae-8b35d3aa4b93" />
    <UnitTestResult executionId="e2b4fd4c-8e1a-4e12-9690-8fd6c41c10df" testId="2d85b701-b5fa-ad41-50bb-d4e90d670f15" testName="ProcessChatbotFeaturesTest5_Back" computerName="ANUPRSHETTY" duration="00:00:00.0510303" startTime="2019-08-02T03:20:09.8283863+05:30" endTime="2019-08-02T03:20:09.8797553+05:30" testType="13cdc9d9-ddb5-4fa4-a97d-d965ccfc6d4b" outcome="Passed" testListId="8c84fa94-04c1-424b-9868-57a2d4851a1d" relativeResultsDirectory="e2b4fd4c-8e1a-4e12-9690-8fd6c41c10df">
      <Output>
        <StdOut>Choose the following 'MEASURMENT' options:&#xD;
1: Central Survellience and alarm&#xD;
2: Child Birth Monitoring&#xD;
3: Cost Effective Monitoring&#xD;
4: Vitals&#xD;
5: Vitals and ECG&#xD;

!!!! Or else Choose Default options!!!! 
6: Display_Items
7: Start_Again
8: Exit_the_Application

Do you want 'TOUCHSCREEN' ?&#xD;
1: false&#xD;
2: true&#xD;


!!!! Or else Choose Default options!!!! 
3: Display_Items
4: Start_Again
5: Back
6: Exit_the_Application

Choose the following 'CATEGORY' options:&#xD;
1: Bedside&#xD;
2: EWS&#xD;
3: MM cum PM&#xD;
4: Spot Check PM&#xD;
5: Telemetry&#xD;


!!!! Or else Choose Default options!!!! 
6: Display_Items
7: Start_Again
8: Back
9: Exit_the_Application

Do you want 'TOUCHSCREEN' ?&#xD;
1: false&#xD;
2: true&#xD;


!!!! Or else Choose Default options!!!! 
3: Display_Items
4: Start_Again
5: Back
6: Exit_the_Application

Do you want 'INVASIVE_BP' ?&#xD;
1: false&#xD;
2: true&#xD;


!!!! Or else Choose Default options!!!! 
3: Display_Items
4: Start_Again
5: Back
6: Exit_the_Application
-------------------------------------------------------------------------------&#xD;
The Items which meet your Requirnment are : &#xD;
Suresight VM4&#xD;
-------------------------------------------------------------------------------&#xD;
---------------------------------!!!!! Thank you for Interaction !!!!!---------------------------------
      ---------------------------------!!!!!VISIT AGAIN !!!!---------------------------------</StdOut>
      </Output>
    </UnitTestResult>
    <UnitTestResult executionId="3dde0f45-a138-46dc-8935-b67dc029e130" testId="3d2b90a2-8e8c-572b-95fa-7befbea51e28" testName="ProcessChatbotFeaturesTest4" computerName="ANUPRSHETTY" duration="00:00:00.0336207" startTime="2019-08-02T03:20:09.7947304+05:30" endTime="2019-08-02T03:20:09.8283863+05:30" testType="13cdc9d9-ddb5-4fa4-a97d-d965ccfc6d4b" outcome="Passed" testListId="8c84fa94-04c1-424b-9868-57a2d4851a1d" relativeResultsDirectory="3dde0f45-a138-46dc-8935-b67dc029e130">
      <Output>
        <StdOut>Choose the following 'MEASURMENT' options:&#xD;
1: Central Survellience and alarm&#xD;
2: Child Birth Monitoring&#xD;
3: Cost Effective Monitoring&#xD;
4: Vitals&#xD;
5: Vitals and ECG&#xD;

!!!! Or else Choose Default options!!!! 
6: Display_Items
7: Start_Again
8: Exit_the_Application

Do you want 'NBP_MEASURMENT' ?&#xD;
1: false&#xD;
2: true&#xD;


!!!! Or else Choose Default options!!!! 
3: Display_Items
4: Start_Again
5: Back
6: Exit_the_Application

Choose the following 'SPEED' options:&#xD;
1: Fast&#xD;
2: Slow&#xD;


!!!! Or else Choose Default options!!!! 
3: Display_Items
4: Start_Again
5: Back
6: Exit_the_Application
-------------------------------------------------------------------------------&#xD;
The Items which meet your Requirnment are : &#xD;
Suresight VS3&#xD;
-------------------------------------------------------------------------------&#xD;
---------------------------------!!!!! Thank you for Interaction !!!!!---------------------------------
      ---------------------------------!!!!!VISIT AGAIN !!!!---------------------------------</StdOut>
      </Output>
    </UnitTestResult>
    <UnitTestResult executionId="fd358263-5346-4621-a744-ecc10df32315" testId="73534908-8b51-63ea-314a-04d8a73cf58f" testName="ProcessChatbotFeaturesTest1" computerName="ANUPRSHETTY" duration="00:00:00.4943558" startTime="2019-08-02T03:20:09.0849798+05:30" endTime="2019-08-02T03:20:09.5753514+05:30" testType="13cdc9d9-ddb5-4fa4-a97d-d965ccfc6d4b" outcome="Passed" testListId="8c84fa94-04c1-424b-9868-57a2d4851a1d" relativeResultsDirectory="fd358263-5346-4621-a744-ecc10df32315">
      <Output>
        <StdOut>Choose the following 'MEASURMENT' options:&#xD;
1: Central Survellience and alarm&#xD;
2: Child Birth Monitoring&#xD;
3: Cost Effective Monitoring&#xD;
4: Vitals&#xD;
5: Vitals and ECG&#xD;

!!!! Or else Choose Default options!!!! 
6: Display_Items
7: Start_Again
8: Exit_the_Application

Do you want 'TOUCHSCREEN' ?&#xD;
1: false&#xD;
2: true&#xD;


!!!! Or else Choose Default options!!!! 
3: Display_Items
4: Start_Again
5: Back
6: Exit_the_Application

Choose the following 'CATEGORY' options:&#xD;
1: Bedside&#xD;
2: EWS&#xD;
3: MM cum PM&#xD;
4: Spot Check PM&#xD;
5: Telemetry&#xD;


!!!! Or else Choose Default options!!!! 
6: Display_Items
7: Start_Again
8: Back
9: Exit_the_Application
-------------------------------------------------------------------------------&#xD;
The Items which meet your Requirnment are : &#xD;
Intellivue MP5T&#xD;
-------------------------------------------------------------------------------&#xD;
---------------------------------!!!!! Thank you for Interaction !!!!!---------------------------------
      ---------------------------------!!!!!VISIT AGAIN !!!!---------------------------------</StdOut>
      </Output>
    </UnitTestResult>
    <UnitTestResult executionId="72fab703-f42e-43e5-bb82-724fa1723e03" testId="32f6dafc-b0df-a1c9-450b-4b9f59974c15" testName="ProcessChatbotFeaturesTest3" computerName="ANUPRSHETTY" duration="00:00:00.0499658" startTime="2019-08-02T03:20:09.6914004+05:30" endTime="2019-08-02T03:20:09.7294067+05:30" testType="13cdc9d9-ddb5-4fa4-a97d-d965ccfc6d4b" outcome="Passed" testListId="8c84fa94-04c1-424b-9868-57a2d4851a1d" relativeResultsDirectory="72fab703-f42e-43e5-bb82-724fa1723e03">
      <Output>
        <StdOut>Choose the following 'MEASURMENT' options:&#xD;
1: Central Survellience and alarm&#xD;
2: Child Birth Monitoring&#xD;
3: Cost Effective Monitoring&#xD;
4: Vitals&#xD;
5: Vitals and ECG&#xD;

!!!! Or else Choose Default options!!!! 
6: Display_Items
7: Start_Again
8: Exit_the_Application
-------------------------------------------------------------------------------&#xD;
The Items which meet your Requirnment are : &#xD;
Efficia CMS200&#xD;
-------------------------------------------------------------------------------&#xD;
---------------------------------!!!!! Thank you for Interaction !!!!!---------------------------------
      ---------------------------------!!!!!VISIT AGAIN !!!!---------------------------------</StdOut>
      </Output>
    </UnitTestResult>
    <UnitTestResult executionId="c28ddefd-841a-4ba9-af1f-5dd4e61a0722" testId="d52fd79b-db7b-9510-d8a8-2fe731d0ab30" testName="SelectItemsTest2" computerName="ANUPRSHETTY" duration="00:00:00.0036169" startTime="2019-08-02T03:20:09.9280545+05:30" endTime="2019-08-02T03:20:09.9413287+05:30" testType="13cdc9d9-ddb5-4fa4-a97d-d965ccfc6d4b" outcome="Passed" testListId="8c84fa94-04c1-424b-9868-57a2d4851a1d" relativeResultsDirectory="c28ddefd-841a-4ba9-af1f-5dd4e61a0722" />
  </Results>
  <TestDefinitions>
    <UnitTest name="ProcessChatbotFeaturesTest3" storage="c:\users\320050488\onedrive - philips\philips\c# learning\easyselectionchatbot\easyselectionchatbotunittest\bin\debug\easyselectionchatbotunittest.dll" id="32f6dafc-b0df-a1c9-450b-4b9f59974c15">
      <Execution id="72fab703-f42e-43e5-bb82-724fa1723e03" />
      <TestMethod codeBase="C:\Users\320050488\OneDrive - Philips\philips\C# learning\EasySelectionChatbot\EasySelectionChatbotUnitTest\bin\Debug\EasySelectionChatbotUnitTest.dll" adapterTypeName="executor://mstestadapter/v2" className="EasySelectionChatbotUnitTest.UnitTest1" name="ProcessChatbotFeaturesTest3" />
    </UnitTest>
    <UnitTest name="ProcessChatbotFeaturesTest6_Back2" storage="c:\users\320050488\onedrive - philips\philips\c# learning\easyselectionchatbot\easyselectionchatbotunittest\bin\debug\easyselectionchatbotunittest.dll" id="89b20a49-2ee8-3fe0-a85e-d848e5bb5d55">
      <Execution id="2f577827-31d6-4a0f-9935-af0e9409f918" />
      <TestMethod codeBase="C:\Users\320050488\OneDrive - Philips\philips\C# learning\EasySelectionChatbot\EasySelectionChatbotUnitTest\bin\Debug\EasySelectionChatbotUnitTest.dll" adapterTypeName="executor://mstestadapter/v2" className="EasySelectionChatbotUnitTest.UnitTest1" name="ProcessChatbotFeaturesTest6_Back2" />
    </UnitTest>
    <UnitTest name="ProcessChatbotFeaturesTest7_start" storage="c:\users\320050488\onedrive - philips\philips\c# learning\easyselectionchatbot\easyselectionchatbotunittest\bin\debug\easyselectionchatbotunittest.dll" id="dcc8dab4-7382-9c7b-690d-4a56f9b042a9">
      <Execution id="00aac517-1e10-4e7b-bce3-9883c09a4c3e" />
      <TestMethod codeBase="C:\Users\320050488\OneDrive - Philips\philips\C# learning\EasySelectionChatbot\EasySelectionChatbotUnitTest\bin\Debug\EasySelectionChatbotUnitTest.dll" adapterTypeName="executor://mstestadapter/v2" className="EasySelectionChatbotUnitTest.UnitTest1" name="ProcessChatbotFeaturesTest7_start" />
    </UnitTest>
    <UnitTest name="SelectItemsTest3" storage="c:\users\320050488\onedrive - philips\philips\c# learning\easyselectionchatbot\easyselectionchatbotunittest\bin\debug\easyselectionchatbotunittest.dll" id="7fd9bedd-a6bf-a150-60a7-314c096abaec">
      <Execution id="31ae2b61-3656-4197-9052-f3917fa5d222" />
      <TestMethod codeBase="C:\Users\320050488\OneDrive - Philips\philips\C# learning\EasySelectionChatbot\EasySelectionChatbotUnitTest\bin\Debug\EasySelectionChatbotUnitTest.dll" adapterTypeName="executor://mstestadapter/v2" className="EasySelectionChatbotUnitTest.UnitTest1" name="SelectItemsTest3" />
    </UnitTest>
    <UnitTest name="ReadProductAttributesTest1" storage="c:\users\320050488\onedrive - philips\philips\c# learning\easyselectionchatbot\easyselectionchatbotunittest\bin\debug\easyselectionchatbotunittest.dll" id="3158b43f-8578-67f7-c7d6-8ed52461e293">
      <Execution id="2f811946-cbed-4663-b6c5-dcb0b5d7451c" />
      <TestMethod codeBase="C:\Users\320050488\OneDrive - Philips\philips\C# learning\EasySelectionChatbot\EasySelectionChatbotUnitTest\bin\Debug\EasySelectionChatbotUnitTest.dll" adapterTypeName="executor://mstestadapter/v2" className="EasySelectionChatbotUnitTest.UnitTest1" name="ReadProductAttributesTest1" />
    </UnitTest>
    <UnitTest name="ProcessChatbotFeaturesTest4" storage="c:\users\320050488\onedrive - philips\philips\c# learning\easyselectionchatbot\easyselectionchatbotunittest\bin\debug\easyselectionchatbotunittest.dll" id="3d2b90a2-8e8c-572b-95fa-7befbea51e28">
      <Execution id="3dde0f45-a138-46dc-8935-b67dc029e130" />
      <TestMethod codeBase="C:\Users\320050488\OneDrive - Philips\philips\C# learning\EasySelectionChatbot\EasySelectionChatbotUnitTest\bin\Debug\EasySelectionChatbotUnitTest.dll" adapterTypeName="executor://mstestadapter/v2" className="EasySelectionChatbotUnitTest.UnitTest1" name="ProcessChatbotFeaturesTest4" />
    </UnitTest>
    <UnitTest name="ProcessChatbotFeaturesTest1" storage="c:\users\320050488\onedrive - philips\philips\c# learning\easyselectionchatbot\easyselectionchatbotunittest\bin\debug\easyselectionchatbotunittest.dll" id="73534908-8b51-63ea-314a-04d8a73cf58f">
      <Execution id="fd358263-5346-4621-a744-ecc10df32315" />
      <TestMethod codeBase="C:\Users\320050488\OneDrive - Philips\philips\C# learning\EasySelectionChatbot\EasySelectionChatbotUnitTest\bin\Debug\EasySelectionChatbotUnitTest.dll" adapterTypeName="executor://mstestadapter/v2" className="EasySelectionChatbotUnitTest.UnitTest1" name="ProcessChatbotFeaturesTest1" />
    </UnitTest>
    <UnitTest name="SelectItemsTest2" storage="c:\users\320050488\onedrive - philips\philips\c# learning\easyselectionchatbot\easyselectionchatbotunittest\bin\debug\easyselectionchatbotunittest.dll" id="d52fd79b-db7b-9510-d8a8-2fe731d0ab30">
      <Execution id="c28ddefd-841a-4ba9-af1f-5dd4e61a0722" />
      <TestMethod codeBase="C:\Users\320050488\OneDrive - Philips\philips\C# learning\EasySelectionChatbot\EasySelectionChatbotUnitTest\bin\Debug\EasySelectionChatbotUnitTest.dll" adapterTypeName="executor://mstestadapter/v2" className="EasySelectionChatbotUnitTest.UnitTest1" name="SelectItemsTest2" />
    </UnitTest>
    <UnitTest name="ProcessChatbotFeaturesTest2" storage="c:\users\320050488\onedrive - philips\philips\c# learning\easyselectionchatbot\easyselectionchatbotunittest\bin\debug\easyselectionchatbotunittest.dll" id="29f6c287-6cc6-e7cb-6bf4-c6aa90f9d841">
      <Execution id="bc30f4b3-808d-4a9b-8f19-6f9f46a1c7a6" />
      <TestMethod codeBase="C:\Users\320050488\OneDrive - Philips\philips\C# learning\EasySelectionChatbot\EasySelectionChatbotUnitTest\bin\Debug\EasySelectionChatbotUnitTest.dll" adapterTypeName="executor://mstestadapter/v2" className="EasySelectionChatbotUnitTest.UnitTest1" name="ProcessChatbotFeaturesTest2" />
    </UnitTest>
    <UnitTest name="ProcessChatbotFeaturesTest5_Back" storage="c:\users\320050488\onedrive - philips\philips\c# learning\easyselectionchatbot\easyselectionchatbotunittest\bin\debug\easyselectionchatbotunittest.dll" id="2d85b701-b5fa-ad41-50bb-d4e90d670f15">
      <Execution id="e2b4fd4c-8e1a-4e12-9690-8fd6c41c10df" />
      <TestMethod codeBase="C:\Users\320050488\OneDrive - Philips\philips\C# learning\EasySelectionChatbot\EasySelectionChatbotUnitTest\bin\Debug\EasySelectionChatbotUnitTest.dll" adapterTypeName="executor://mstestadapter/v2" className="EasySelectionChatbotUnitTest.UnitTest1" name="ProcessChatbotFeaturesTest5_Back" />
    </UnitTest>
    <UnitTest name="SelectItemsTest1" storage="c:\users\320050488\onedrive - philips\philips\c# learning\easyselectionchatbot\easyselectionchatbotunittest\bin\debug\easyselectionchatbotunittest.dll" id="95025142-f619-96e9-a07a-5bbdc36f21d2">
      <Execution id="c3a02458-06b7-4d7e-9aae-8b35d3aa4b93" />
      <TestMethod codeBase="C:\Users\320050488\OneDrive - Philips\philips\C# learning\EasySelectionChatbot\EasySelectionChatbotUnitTest\bin\Debug\EasySelectionChatbotUnitTest.dll" adapterTypeName="executor://mstestadapter/v2" className="EasySelectionChatbotUnitTest.UnitTest1" name="SelectItemsTest1" />
    </UnitTest>
  </TestDefinitions>
  <TestEntries>
    <TestEntry testId="7fd9bedd-a6bf-a150-60a7-314c096abaec" executionId="31ae2b61-3656-4197-9052-f3917fa5d222" testListId="8c84fa94-04c1-424b-9868-57a2d4851a1d" />
    <TestEntry testId="89b20a49-2ee8-3fe0-a85e-d848e5bb5d55" executionId="2f577827-31d6-4a0f-9935-af0e9409f918" testListId="8c84fa94-04c1-424b-9868-57a2d4851a1d" />
    <TestEntry testId="3158b43f-8578-67f7-c7d6-8ed52461e293" executionId="2f811946-cbed-4663-b6c5-dcb0b5d7451c" testListId="8c84fa94-04c1-424b-9868-57a2d4851a1d" />
    <TestEntry testId="dcc8dab4-7382-9c7b-690d-4a56f9b042a9" executionId="00aac517-1e10-4e7b-bce3-9883c09a4c3e" testListId="8c84fa94-04c1-424b-9868-57a2d4851a1d" />
    <TestEntry testId="29f6c287-6cc6-e7cb-6bf4-c6aa90f9d841" executionId="bc30f4b3-808d-4a9b-8f19-6f9f46a1c7a6" testListId="8c84fa94-04c1-424b-9868-57a2d4851a1d" />
    <TestEntry testId="95025142-f619-96e9-a07a-5bbdc36f21d2" executionId="c3a02458-06b7-4d7e-9aae-8b35d3aa4b93" testListId="8c84fa94-04c1-424b-9868-57a2d4851a1d" />
    <TestEntry testId="2d85b701-b5fa-ad41-50bb-d4e90d670f15" executionId="e2b4fd4c-8e1a-4e12-9690-8fd6c41c10df" testListId="8c84fa94-04c1-424b-9868-57a2d4851a1d" />
    <TestEntry testId="3d2b90a2-8e8c-572b-95fa-7befbea51e28" executionId="3dde0f45-a138-46dc-8935-b67dc029e130" testListId="8c84fa94-04c1-424b-9868-57a2d4851a1d" />
    <TestEntry testId="73534908-8b51-63ea-314a-04d8a73cf58f" executionId="fd358263-5346-4621-a744-ecc10df32315" testListId="8c84fa94-04c1-424b-9868-57a2d4851a1d" />
    <TestEntry testId="32f6dafc-b0df-a1c9-450b-4b9f59974c15" executionId="72fab703-f42e-43e5-bb82-724fa1723e03" testListId="8c84fa94-04c1-424b-9868-57a2d4851a1d" />
    <TestEntry testId="d52fd79b-db7b-9510-d8a8-2fe731d0ab30" executionId="c28ddefd-841a-4ba9-af1f-5dd4e61a0722" testListId="8c84fa94-04c1-424b-9868-57a2d4851a1d" />
  </TestEntries>
  <TestLists>
    <TestList name="Results Not in a List" id="8c84fa94-04c1-424b-9868-57a2d4851a1d" />
    <TestList name="All Loaded Results" id="19431567-8539-422a-85d7-44ee4e166bda" />
  </TestLists>
  <ResultSummary outcome="Completed">
    <Counters total="11" executed="11" passed="11" failed="0" error="0" timeout="0" aborted="0" inconclusive="0" passedButRunAborted="0" notRunnable="0" notExecuted="0" disconnected="0" warning="0" completed="0" inProgress="0" pending="0" />
  </ResultSummary>
</TestRun>